\BOOKMARK [1][-]{section*.1}{Abstract}{}% 1
\BOOKMARK [1][-]{section*.2}{Intro}{}% 2
\BOOKMARK [2][-]{section*.3}{Related Work}{section*.2}% 3
\BOOKMARK [3][-]{section*.4}{ Lock-Freedom}{section*.3}% 4
\BOOKMARK [3][-]{section*.5}{Overview}{section*.3}% 5
\BOOKMARK [1][-]{section*.6}{Algorithm Description}{}% 6
\BOOKMARK [2][-]{section*.7}{General Structure and support operations}{section*.6}% 7
\BOOKMARK [3][-]{section*.8}{Insert}{section*.7}% 8
\BOOKMARK [3][-]{section*.9}{Remove}{section*.7}% 9
\BOOKMARK [3][-]{section*.10}{Search}{section*.7}% 10
\BOOKMARK [3][-]{section*.11}{Locate}{section*.7}% 11
\BOOKMARK [3][-]{section*.12}{Relocate}{section*.7}% 12
\BOOKMARK [1][-]{section*.13}{Detailed Algorithm Description}{}% 13
\BOOKMARK [1][-]{section*.20}{Proof of Correctness}{}% 14
\BOOKMARK [1][-]{section*.21}{5.Results}{}% 15
\BOOKMARK [2][-]{section*.22}{Setup}{section*.21}% 16
\BOOKMARK [2][-]{section*.23}{Results}{section*.21}% 17
\BOOKMARK [1][-]{section*.24}{Software Transactional Memory Implementation}{}% 18
\BOOKMARK [1][-]{section*.27}{Conclusion}{}% 19
\BOOKMARK [1][-]{section*.28}{Acknowledgments}{}% 20
\BOOKMARK [2][-]{section*.29}{References}{section*.28}% 21
