Determining if the pthread_create exist failed with the following output:
Change Dir: /home/frantzcito/Desktop/Final Project/rstm/CMakeFiles/CMakeTmp

Run Build Command:"/usr/bin/make" "cmTC_94e0f/fast"
/usr/bin/make -f CMakeFiles/cmTC_94e0f.dir/build.make CMakeFiles/cmTC_94e0f.dir/build
make[1]: Entering directory '/home/frantzcito/Desktop/Final Project/rstm/CMakeFiles/CMakeTmp'
Building C object CMakeFiles/cmTC_94e0f.dir/CheckSymbolExists.c.o
/usr/bin/cc   -O2 -g -DNDEBUG   -o CMakeFiles/cmTC_94e0f.dir/CheckSymbolExists.c.o   -c "/home/frantzcito/Desktop/Final Project/rstm/CMakeFiles/CMakeTmp/CheckSymbolExists.c"
Linking C executable cmTC_94e0f
/usr/bin/cmake -E cmake_link_script CMakeFiles/cmTC_94e0f.dir/link.txt --verbose=1
/usr/bin/cc   -O2 -g -DNDEBUG    -rdynamic CMakeFiles/cmTC_94e0f.dir/CheckSymbolExists.c.o  -o cmTC_94e0f 
CMakeFiles/cmTC_94e0f.dir/CheckSymbolExists.c.o: In function `main':
/home/frantzcito/Desktop/Final Project/rstm/CMakeFiles/CMakeTmp/CheckSymbolExists.c:8: undefined reference to `pthread_create'
collect2: error: ld returned 1 exit status
CMakeFiles/cmTC_94e0f.dir/build.make:97: recipe for target 'cmTC_94e0f' failed
make[1]: *** [cmTC_94e0f] Error 1
make[1]: Leaving directory '/home/frantzcito/Desktop/Final Project/rstm/CMakeFiles/CMakeTmp'
Makefile:126: recipe for target 'cmTC_94e0f/fast' failed
make: *** [cmTC_94e0f/fast] Error 2

File /home/frantzcito/Desktop/Final Project/rstm/CMakeFiles/CMakeTmp/CheckSymbolExists.c:
/* */
#include <pthread.h>

int main(int argc, char** argv)
{
  (void)argv;
#ifndef pthread_create
  return ((int*)(&pthread_create))[argc];
#else
  (void)argc;
  return 0;
#endif
}

Determining if the function pthread_create exists in the pthreads failed with the following output:
Change Dir: /home/frantzcito/Desktop/Final Project/rstm/CMakeFiles/CMakeTmp

Run Build Command:"/usr/bin/make" "cmTC_01903/fast"
/usr/bin/make -f CMakeFiles/cmTC_01903.dir/build.make CMakeFiles/cmTC_01903.dir/build
make[1]: Entering directory '/home/frantzcito/Desktop/Final Project/rstm/CMakeFiles/CMakeTmp'
Building C object CMakeFiles/cmTC_01903.dir/CheckFunctionExists.c.o
/usr/bin/cc   -DCHECK_FUNCTION_EXISTS=pthread_create -O2 -g -DNDEBUG   -o CMakeFiles/cmTC_01903.dir/CheckFunctionExists.c.o   -c /usr/share/cmake-3.10/Modules/CheckFunctionExists.c
Linking C executable cmTC_01903
/usr/bin/cmake -E cmake_link_script CMakeFiles/cmTC_01903.dir/link.txt --verbose=1
/usr/bin/cc  -DCHECK_FUNCTION_EXISTS=pthread_create -O2 -g -DNDEBUG    -rdynamic CMakeFiles/cmTC_01903.dir/CheckFunctionExists.c.o  -o cmTC_01903 -lpthreads 
/usr/bin/ld: cannot find -lpthreads
collect2: error: ld returned 1 exit status
CMakeFiles/cmTC_01903.dir/build.make:97: recipe for target 'cmTC_01903' failed
make[1]: *** [cmTC_01903] Error 1
make[1]: Leaving directory '/home/frantzcito/Desktop/Final Project/rstm/CMakeFiles/CMakeTmp'
Makefile:126: recipe for target 'cmTC_01903/fast' failed
make: *** [cmTC_01903/fast] Error 2


