Determining if the pthread_create exist failed with the following output:
Change Dir: /home/frantzcito/Desktop/Final Project/rstm/stm_build/CMakeFiles/CMakeTmp

Run Build Command:"/usr/bin/make" "cmTC_c7fbe/fast"
/usr/bin/make -f CMakeFiles/cmTC_c7fbe.dir/build.make CMakeFiles/cmTC_c7fbe.dir/build
make[1]: Entering directory '/home/frantzcito/Desktop/Final Project/rstm/stm_build/CMakeFiles/CMakeTmp'
Building C object CMakeFiles/cmTC_c7fbe.dir/CheckSymbolExists.c.o
/usr/bin/cc   -O2 -g -DNDEBUG   -o CMakeFiles/cmTC_c7fbe.dir/CheckSymbolExists.c.o   -c "/home/frantzcito/Desktop/Final Project/rstm/stm_build/CMakeFiles/CMakeTmp/CheckSymbolExists.c"
Linking C executable cmTC_c7fbe
/usr/bin/cmake -E cmake_link_script CMakeFiles/cmTC_c7fbe.dir/link.txt --verbose=1
/usr/bin/cc   -O2 -g -DNDEBUG    -rdynamic CMakeFiles/cmTC_c7fbe.dir/CheckSymbolExists.c.o  -o cmTC_c7fbe 
CMakeFiles/cmTC_c7fbe.dir/CheckSymbolExists.c.o: In function `main':
/home/frantzcito/Desktop/Final Project/rstm/stm_build/CMakeFiles/CMakeTmp/CheckSymbolExists.c:8: undefined reference to `pthread_create'
collect2: error: ld returned 1 exit status
CMakeFiles/cmTC_c7fbe.dir/build.make:97: recipe for target 'cmTC_c7fbe' failed
make[1]: *** [cmTC_c7fbe] Error 1
make[1]: Leaving directory '/home/frantzcito/Desktop/Final Project/rstm/stm_build/CMakeFiles/CMakeTmp'
Makefile:126: recipe for target 'cmTC_c7fbe/fast' failed
make: *** [cmTC_c7fbe/fast] Error 2

File /home/frantzcito/Desktop/Final Project/rstm/stm_build/CMakeFiles/CMakeTmp/CheckSymbolExists.c:
/* */
#include <pthread.h>

int main(int argc, char** argv)
{
  (void)argv;
#ifndef pthread_create
  return ((int*)(&pthread_create))[argc];
#else
  (void)argc;
  return 0;
#endif
}

Determining if the function pthread_create exists in the pthreads failed with the following output:
Change Dir: /home/frantzcito/Desktop/Final Project/rstm/stm_build/CMakeFiles/CMakeTmp

Run Build Command:"/usr/bin/make" "cmTC_d55a8/fast"
/usr/bin/make -f CMakeFiles/cmTC_d55a8.dir/build.make CMakeFiles/cmTC_d55a8.dir/build
make[1]: Entering directory '/home/frantzcito/Desktop/Final Project/rstm/stm_build/CMakeFiles/CMakeTmp'
Building C object CMakeFiles/cmTC_d55a8.dir/CheckFunctionExists.c.o
/usr/bin/cc   -DCHECK_FUNCTION_EXISTS=pthread_create -O2 -g -DNDEBUG   -o CMakeFiles/cmTC_d55a8.dir/CheckFunctionExists.c.o   -c /usr/share/cmake-3.10/Modules/CheckFunctionExists.c
Linking C executable cmTC_d55a8
/usr/bin/cmake -E cmake_link_script CMakeFiles/cmTC_d55a8.dir/link.txt --verbose=1
/usr/bin/cc  -DCHECK_FUNCTION_EXISTS=pthread_create -O2 -g -DNDEBUG    -rdynamic CMakeFiles/cmTC_d55a8.dir/CheckFunctionExists.c.o  -o cmTC_d55a8 -lpthreads 
/usr/bin/ld: cannot find -lpthreads
collect2: error: ld returned 1 exit status
CMakeFiles/cmTC_d55a8.dir/build.make:97: recipe for target 'cmTC_d55a8' failed
make[1]: *** [cmTC_d55a8] Error 1
make[1]: Leaving directory '/home/frantzcito/Desktop/Final Project/rstm/stm_build/CMakeFiles/CMakeTmp'
Makefile:126: recipe for target 'cmTC_d55a8/fast' failed
make: *** [cmTC_d55a8/fast] Error 2


Performing C++ SOURCE FILE Test CXX_HAS_-m32 failed with the following output:
Change Dir: /home/frantzcito/Desktop/Final Project/rstm/stm_build/CMakeFiles/CMakeTmp

Run Build Command:"/usr/bin/make" "cmTC_f46da/fast"
/usr/bin/make -f CMakeFiles/cmTC_f46da.dir/build.make CMakeFiles/cmTC_f46da.dir/build
make[1]: Entering directory '/home/frantzcito/Desktop/Final Project/rstm/stm_build/CMakeFiles/CMakeTmp'
Building CXX object CMakeFiles/cmTC_f46da.dir/src.cxx.o
/usr/bin/c++    -Wall -msse2 -mfpmath=sse -march=core2 -mtune=core2 -DCXX_HAS_-m32  -O3 -g   -m32 -o CMakeFiles/cmTC_f46da.dir/src.cxx.o -c "/home/frantzcito/Desktop/Final Project/rstm/stm_build/CMakeFiles/CMakeTmp/src.cxx"
<command-line>:0:9: warning: ISO C++11 requires whitespace after the macro name
Linking CXX executable cmTC_f46da
/usr/bin/cmake -E cmake_link_script CMakeFiles/cmTC_f46da.dir/link.txt --verbose=1
/usr/bin/c++   -Wall -msse2 -mfpmath=sse -march=core2 -mtune=core2 -DCXX_HAS_-m32  -O3 -g    -rdynamic CMakeFiles/cmTC_f46da.dir/src.cxx.o  -o cmTC_f46da -m32 
/usr/bin/ld: cannot find Scrt1.o: No such file or directory
/usr/bin/ld: cannot find crti.o: No such file or directory
/usr/bin/ld: skipping incompatible /usr/lib/gcc/x86_64-linux-gnu/7/libstdc++.so when searching for -lstdc++
/usr/bin/ld: skipping incompatible /usr/lib/gcc/x86_64-linux-gnu/7/libstdc++.a when searching for -lstdc++
/usr/bin/ld: cannot find -lstdc++
/usr/bin/ld: skipping incompatible //usr/lib/x86_64-linux-gnu/libm.so when searching for -lm
/usr/bin/ld: skipping incompatible //usr/lib/x86_64-linux-gnu/libm.a when searching for -lm
/usr/bin/ld: cannot find -lm
/usr/bin/ld: skipping incompatible /usr/lib/gcc/x86_64-linux-gnu/7/libgcc_s.so.1 when searching for libgcc_s.so.1
/usr/bin/ld: cannot find libgcc_s.so.1
/usr/bin/ld: skipping incompatible /usr/lib/gcc/x86_64-linux-gnu/7/libgcc.a when searching for -lgcc
/usr/bin/ld: cannot find -lgcc
collect2: error: ld returned 1 exit status
CMakeFiles/cmTC_f46da.dir/build.make:97: recipe for target 'cmTC_f46da' failed
make[1]: *** [cmTC_f46da] Error 1
make[1]: Leaving directory '/home/frantzcito/Desktop/Final Project/rstm/stm_build/CMakeFiles/CMakeTmp'
Makefile:126: recipe for target 'cmTC_f46da/fast' failed
make: *** [cmTC_f46da/fast] Error 2

Source file was:
int main() { return 0; }
