The system is: Linux - 4.18.0-16-generic - x86_64
Compiling the C compiler identification source file "CMakeCCompilerId.c" succeeded.
Compiler: /usr/bin/cc 
Build flags: 
Id flags:  

The output was:
0


Compilation of the C compiler identification source "CMakeCCompilerId.c" produced "a.out"

The C compiler identification is GNU, found in "/home/frantzcito/Desktop/rstm/rstm_build/CMakeFiles/3.10.2/CompilerIdC/a.out"

Compiling the CXX compiler identification source file "CMakeCXXCompilerId.cpp" succeeded.
Compiler: /usr/bin/c++ 
Build flags: 
Id flags:  

The output was:
0


Compilation of the CXX compiler identification source "CMakeCXXCompilerId.cpp" produced "a.out"

The CXX compiler identification is GNU, found in "/home/frantzcito/Desktop/rstm/rstm_build/CMakeFiles/3.10.2/CompilerIdCXX/a.out"

Determining if the C compiler works passed with the following output:
Change Dir: /home/frantzcito/Desktop/rstm/rstm_build/CMakeFiles/CMakeTmp

Run Build Command:"/usr/bin/make" "cmTC_8c4ff/fast"
/usr/bin/make -f CMakeFiles/cmTC_8c4ff.dir/build.make CMakeFiles/cmTC_8c4ff.dir/build
make[1]: Entering directory '/home/frantzcito/Desktop/rstm/rstm_build/CMakeFiles/CMakeTmp'
Building C object CMakeFiles/cmTC_8c4ff.dir/testCCompiler.c.o
/usr/bin/cc   -O2 -g -DNDEBUG   -o CMakeFiles/cmTC_8c4ff.dir/testCCompiler.c.o   -c /home/frantzcito/Desktop/rstm/rstm_build/CMakeFiles/CMakeTmp/testCCompiler.c
Linking C executable cmTC_8c4ff
/usr/bin/cmake -E cmake_link_script CMakeFiles/cmTC_8c4ff.dir/link.txt --verbose=1
/usr/bin/cc   -O2 -g -DNDEBUG    -rdynamic CMakeFiles/cmTC_8c4ff.dir/testCCompiler.c.o  -o cmTC_8c4ff 
make[1]: Leaving directory '/home/frantzcito/Desktop/rstm/rstm_build/CMakeFiles/CMakeTmp'


Detecting C compiler ABI info compiled with the following output:
Change Dir: /home/frantzcito/Desktop/rstm/rstm_build/CMakeFiles/CMakeTmp

Run Build Command:"/usr/bin/make" "cmTC_f1bce/fast"
/usr/bin/make -f CMakeFiles/cmTC_f1bce.dir/build.make CMakeFiles/cmTC_f1bce.dir/build
make[1]: Entering directory '/home/frantzcito/Desktop/rstm/rstm_build/CMakeFiles/CMakeTmp'
Building C object CMakeFiles/cmTC_f1bce.dir/CMakeCCompilerABI.c.o
/usr/bin/cc   -O2 -g -DNDEBUG   -o CMakeFiles/cmTC_f1bce.dir/CMakeCCompilerABI.c.o   -c /usr/share/cmake-3.10/Modules/CMakeCCompilerABI.c
Linking C executable cmTC_f1bce
/usr/bin/cmake -E cmake_link_script CMakeFiles/cmTC_f1bce.dir/link.txt --verbose=1
/usr/bin/cc   -O2 -g -DNDEBUG   -v -rdynamic CMakeFiles/cmTC_f1bce.dir/CMakeCCompilerABI.c.o  -o cmTC_f1bce 
Using built-in specs.
COLLECT_GCC=/usr/bin/cc
COLLECT_LTO_WRAPPER=/usr/lib/gcc/x86_64-linux-gnu/7/lto-wrapper
OFFLOAD_TARGET_NAMES=nvptx-none
OFFLOAD_TARGET_DEFAULT=1
Target: x86_64-linux-gnu
Configured with: ../src/configure -v --with-pkgversion='Ubuntu 7.3.0-27ubuntu1~18.04' --with-bugurl=file:///usr/share/doc/gcc-7/README.Bugs --enable-languages=c,ada,c++,go,brig,d,fortran,objc,obj-c++ --prefix=/usr --with-gcc-major-version-only --program-suffix=-7 --program-prefix=x86_64-linux-gnu- --enable-shared --enable-linker-build-id --libexecdir=/usr/lib --without-included-gettext --enable-threads=posix --libdir=/usr/lib --enable-nls --with-sysroot=/ --enable-clocale=gnu --enable-libstdcxx-debug --enable-libstdcxx-time=yes --with-default-libstdcxx-abi=new --enable-gnu-unique-object --disable-vtable-verify --enable-libmpx --enable-plugin --enable-default-pie --with-system-zlib --with-target-system-zlib --enable-objc-gc=auto --enable-multiarch --disable-werror --with-arch-32=i686 --with-abi=m64 --with-multilib-list=m32,m64,mx32 --enable-multilib --with-tune=generic --enable-offload-targets=nvptx-none --without-cuda-driver --enable-checking=release --build=x86_64-linux-gnu --host=x86_64-linux-gnu --target=x86_64-linux-gnu
Thread model: posix
gcc version 7.3.0 (Ubuntu 7.3.0-27ubuntu1~18.04) 
COMPILER_PATH=/usr/lib/gcc/x86_64-linux-gnu/7/:/usr/lib/gcc/x86_64-linux-gnu/7/:/usr/lib/gcc/x86_64-linux-gnu/:/usr/lib/gcc/x86_64-linux-gnu/7/:/usr/lib/gcc/x86_64-linux-gnu/
LIBRARY_PATH=/usr/lib/gcc/x86_64-linux-gnu/7/:/usr/lib/gcc/x86_64-linux-gnu/7/../../../x86_64-linux-gnu/:/usr/lib/gcc/x86_64-linux-gnu/7/../../../../lib/:/lib/x86_64-linux-gnu/:/lib/../lib/:/usr/lib/x86_64-linux-gnu/:/usr/lib/../lib/:/usr/lib/gcc/x86_64-linux-gnu/7/../../../:/lib/:/usr/lib/
COLLECT_GCC_OPTIONS='-O2' '-g' '-D' 'NDEBUG' '-v' '-rdynamic' '-o' 'cmTC_f1bce' '-mtune=generic' '-march=x86-64'
 /usr/lib/gcc/x86_64-linux-gnu/7/collect2 -plugin /usr/lib/gcc/x86_64-linux-gnu/7/liblto_plugin.so -plugin-opt=/usr/lib/gcc/x86_64-linux-gnu/7/lto-wrapper -plugin-opt=-fresolution=/tmp/ccnbXFoG.res -plugin-opt=-pass-through=-lgcc -plugin-opt=-pass-through=-lgcc_s -plugin-opt=-pass-through=-lc -plugin-opt=-pass-through=-lgcc -plugin-opt=-pass-through=-lgcc_s --sysroot=/ --build-id --eh-frame-hdr -m elf_x86_64 --hash-style=gnu --as-needed -export-dynamic -dynamic-linker /lib64/ld-linux-x86-64.so.2 -pie -z now -z relro -o cmTC_f1bce /usr/lib/gcc/x86_64-linux-gnu/7/../../../x86_64-linux-gnu/Scrt1.o /usr/lib/gcc/x86_64-linux-gnu/7/../../../x86_64-linux-gnu/crti.o /usr/lib/gcc/x86_64-linux-gnu/7/crtbeginS.o -L/usr/lib/gcc/x86_64-linux-gnu/7 -L/usr/lib/gcc/x86_64-linux-gnu/7/../../../x86_64-linux-gnu -L/usr/lib/gcc/x86_64-linux-gnu/7/../../../../lib -L/lib/x86_64-linux-gnu -L/lib/../lib -L/usr/lib/x86_64-linux-gnu -L/usr/lib/../lib -L/usr/lib/gcc/x86_64-linux-gnu/7/../../.. CMakeFiles/cmTC_f1bce.dir/CMakeCCompilerABI.c.o -lgcc --push-state --as-needed -lgcc_s --pop-state -lc -lgcc --push-state --as-needed -lgcc_s --pop-state /usr/lib/gcc/x86_64-linux-gnu/7/crtendS.o /usr/lib/gcc/x86_64-linux-gnu/7/../../../x86_64-linux-gnu/crtn.o
COLLECT_GCC_OPTIONS='-O2' '-g' '-D' 'NDEBUG' '-v' '-rdynamic' '-o' 'cmTC_f1bce' '-mtune=generic' '-march=x86-64'
make[1]: Leaving directory '/home/frantzcito/Desktop/rstm/rstm_build/CMakeFiles/CMakeTmp'


Parsed C implicit link information from above output:
  link line regex: [^( *|.*[/\])(ld|CMAKE_LINK_STARTFILE-NOTFOUND|([^/\]+-)?ld|collect2)[^/\]*( |$)]
  ignore line: [Change Dir: /home/frantzcito/Desktop/rstm/rstm_build/CMakeFiles/CMakeTmp]
  ignore line: []
  ignore line: [Run Build Command:"/usr/bin/make" "cmTC_f1bce/fast"]
  ignore line: [/usr/bin/make -f CMakeFiles/cmTC_f1bce.dir/build.make CMakeFiles/cmTC_f1bce.dir/build]
  ignore line: [make[1]: Entering directory '/home/frantzcito/Desktop/rstm/rstm_build/CMakeFiles/CMakeTmp']
  ignore line: [Building C object CMakeFiles/cmTC_f1bce.dir/CMakeCCompilerABI.c.o]
  ignore line: [/usr/bin/cc   -O2 -g -DNDEBUG   -o CMakeFiles/cmTC_f1bce.dir/CMakeCCompilerABI.c.o   -c /usr/share/cmake-3.10/Modules/CMakeCCompilerABI.c]
  ignore line: [Linking C executable cmTC_f1bce]
  ignore line: [/usr/bin/cmake -E cmake_link_script CMakeFiles/cmTC_f1bce.dir/link.txt --verbose=1]
  ignore line: [/usr/bin/cc   -O2 -g -DNDEBUG   -v -rdynamic CMakeFiles/cmTC_f1bce.dir/CMakeCCompilerABI.c.o  -o cmTC_f1bce ]
  ignore line: [Using built-in specs.]
  ignore line: [COLLECT_GCC=/usr/bin/cc]
  ignore line: [COLLECT_LTO_WRAPPER=/usr/lib/gcc/x86_64-linux-gnu/7/lto-wrapper]
  ignore line: [OFFLOAD_TARGET_NAMES=nvptx-none]
  ignore line: [OFFLOAD_TARGET_DEFAULT=1]
  ignore line: [Target: x86_64-linux-gnu]
  ignore line: [Configured with: ../src/configure -v --with-pkgversion='Ubuntu 7.3.0-27ubuntu1~18.04' --with-bugurl=file:///usr/share/doc/gcc-7/README.Bugs --enable-languages=c,ada,c++,go,brig,d,fortran,objc,obj-c++ --prefix=/usr --with-gcc-major-version-only --program-suffix=-7 --program-prefix=x86_64-linux-gnu- --enable-shared --enable-linker-build-id --libexecdir=/usr/lib --without-included-gettext --enable-threads=posix --libdir=/usr/lib --enable-nls --with-sysroot=/ --enable-clocale=gnu --enable-libstdcxx-debug --enable-libstdcxx-time=yes --with-default-libstdcxx-abi=new --enable-gnu-unique-object --disable-vtable-verify --enable-libmpx --enable-plugin --enable-default-pie --with-system-zlib --with-target-system-zlib --enable-objc-gc=auto --enable-multiarch --disable-werror --with-arch-32=i686 --with-abi=m64 --with-multilib-list=m32,m64,mx32 --enable-multilib --with-tune=generic --enable-offload-targets=nvptx-none --without-cuda-driver --enable-checking=release --build=x86_64-linux-gnu --host=x86_64-linux-gnu --target=x86_64-linux-gnu]
  ignore line: [Thread model: posix]
  ignore line: [gcc version 7.3.0 (Ubuntu 7.3.0-27ubuntu1~18.04) ]
  ignore line: [COMPILER_PATH=/usr/lib/gcc/x86_64-linux-gnu/7/:/usr/lib/gcc/x86_64-linux-gnu/7/:/usr/lib/gcc/x86_64-linux-gnu/:/usr/lib/gcc/x86_64-linux-gnu/7/:/usr/lib/gcc/x86_64-linux-gnu/]
  ignore line: [LIBRARY_PATH=/usr/lib/gcc/x86_64-linux-gnu/7/:/usr/lib/gcc/x86_64-linux-gnu/7/../../../x86_64-linux-gnu/:/usr/lib/gcc/x86_64-linux-gnu/7/../../../../lib/:/lib/x86_64-linux-gnu/:/lib/../lib/:/usr/lib/x86_64-linux-gnu/:/usr/lib/../lib/:/usr/lib/gcc/x86_64-linux-gnu/7/../../../:/lib/:/usr/lib/]
  ignore line: [COLLECT_GCC_OPTIONS='-O2' '-g' '-D' 'NDEBUG' '-v' '-rdynamic' '-o' 'cmTC_f1bce' '-mtune=generic' '-march=x86-64']
  link line: [ /usr/lib/gcc/x86_64-linux-gnu/7/collect2 -plugin /usr/lib/gcc/x86_64-linux-gnu/7/liblto_plugin.so -plugin-opt=/usr/lib/gcc/x86_64-linux-gnu/7/lto-wrapper -plugin-opt=-fresolution=/tmp/ccnbXFoG.res -plugin-opt=-pass-through=-lgcc -plugin-opt=-pass-through=-lgcc_s -plugin-opt=-pass-through=-lc -plugin-opt=-pass-through=-lgcc -plugin-opt=-pass-through=-lgcc_s --sysroot=/ --build-id --eh-frame-hdr -m elf_x86_64 --hash-style=gnu --as-needed -export-dynamic -dynamic-linker /lib64/ld-linux-x86-64.so.2 -pie -z now -z relro -o cmTC_f1bce /usr/lib/gcc/x86_64-linux-gnu/7/../../../x86_64-linux-gnu/Scrt1.o /usr/lib/gcc/x86_64-linux-gnu/7/../../../x86_64-linux-gnu/crti.o /usr/lib/gcc/x86_64-linux-gnu/7/crtbeginS.o -L/usr/lib/gcc/x86_64-linux-gnu/7 -L/usr/lib/gcc/x86_64-linux-gnu/7/../../../x86_64-linux-gnu -L/usr/lib/gcc/x86_64-linux-gnu/7/../../../../lib -L/lib/x86_64-linux-gnu -L/lib/../lib -L/usr/lib/x86_64-linux-gnu -L/usr/lib/../lib -L/usr/lib/gcc/x86_64-linux-gnu/7/../../.. CMakeFiles/cmTC_f1bce.dir/CMakeCCompilerABI.c.o -lgcc --push-state --as-needed -lgcc_s --pop-state -lc -lgcc --push-state --as-needed -lgcc_s --pop-state /usr/lib/gcc/x86_64-linux-gnu/7/crtendS.o /usr/lib/gcc/x86_64-linux-gnu/7/../../../x86_64-linux-gnu/crtn.o]
    arg [/usr/lib/gcc/x86_64-linux-gnu/7/collect2] ==> ignore
    arg [-plugin] ==> ignore
    arg [/usr/lib/gcc/x86_64-linux-gnu/7/liblto_plugin.so] ==> ignore
    arg [-plugin-opt=/usr/lib/gcc/x86_64-linux-gnu/7/lto-wrapper] ==> ignore
    arg [-plugin-opt=-fresolution=/tmp/ccnbXFoG.res] ==> ignore
    arg [-plugin-opt=-pass-through=-lgcc] ==> ignore
    arg [-plugin-opt=-pass-through=-lgcc_s] ==> ignore
    arg [-plugin-opt=-pass-through=-lc] ==> ignore
    arg [-plugin-opt=-pass-through=-lgcc] ==> ignore
    arg [-plugin-opt=-pass-through=-lgcc_s] ==> ignore
    arg [--sysroot=/] ==> ignore
    arg [--build-id] ==> ignore
    arg [--eh-frame-hdr] ==> ignore
    arg [-m] ==> ignore
    arg [elf_x86_64] ==> ignore
    arg [--hash-style=gnu] ==> ignore
    arg [--as-needed] ==> ignore
    arg [-export-dynamic] ==> ignore
    arg [-dynamic-linker] ==> ignore
    arg [/lib64/ld-linux-x86-64.so.2] ==> ignore
    arg [-pie] ==> ignore
    arg [-znow] ==> ignore
    arg [-zrelro] ==> ignore
    arg [-o] ==> ignore
    arg [cmTC_f1bce] ==> ignore
    arg [/usr/lib/gcc/x86_64-linux-gnu/7/../../../x86_64-linux-gnu/Scrt1.o] ==> ignore
    arg [/usr/lib/gcc/x86_64-linux-gnu/7/../../../x86_64-linux-gnu/crti.o] ==> ignore
    arg [/usr/lib/gcc/x86_64-linux-gnu/7/crtbeginS.o] ==> ignore
    arg [-L/usr/lib/gcc/x86_64-linux-gnu/7] ==> dir [/usr/lib/gcc/x86_64-linux-gnu/7]
    arg [-L/usr/lib/gcc/x86_64-linux-gnu/7/../../../x86_64-linux-gnu] ==> dir [/usr/lib/gcc/x86_64-linux-gnu/7/../../../x86_64-linux-gnu]
    arg [-L/usr/lib/gcc/x86_64-linux-gnu/7/../../../../lib] ==> dir [/usr/lib/gcc/x86_64-linux-gnu/7/../../../../lib]
    arg [-L/lib/x86_64-linux-gnu] ==> dir [/lib/x86_64-linux-gnu]
    arg [-L/lib/../lib] ==> dir [/lib/../lib]
    arg [-L/usr/lib/x86_64-linux-gnu] ==> dir [/usr/lib/x86_64-linux-gnu]
    arg [-L/usr/lib/../lib] ==> dir [/usr/lib/../lib]
    arg [-L/usr/lib/gcc/x86_64-linux-gnu/7/../../..] ==> dir [/usr/lib/gcc/x86_64-linux-gnu/7/../../..]
    arg [CMakeFiles/cmTC_f1bce.dir/CMakeCCompilerABI.c.o] ==> ignore
    arg [-lgcc] ==> lib [gcc]
    arg [--push-state] ==> ignore
    arg [--as-needed] ==> ignore
    arg [-lgcc_s] ==> lib [gcc_s]
    arg [--pop-state] ==> ignore
    arg [-lc] ==> lib [c]
    arg [-lgcc] ==> lib [gcc]
    arg [--push-state] ==> ignore
    arg [--as-needed] ==> ignore
    arg [-lgcc_s] ==> lib [gcc_s]
    arg [--pop-state] ==> ignore
    arg [/usr/lib/gcc/x86_64-linux-gnu/7/crtendS.o] ==> ignore
    arg [/usr/lib/gcc/x86_64-linux-gnu/7/../../../x86_64-linux-gnu/crtn.o] ==> ignore
  collapse library dir [/usr/lib/gcc/x86_64-linux-gnu/7] ==> [/usr/lib/gcc/x86_64-linux-gnu/7]
  collapse library dir [/usr/lib/gcc/x86_64-linux-gnu/7/../../../x86_64-linux-gnu] ==> [/usr/lib/x86_64-linux-gnu]
  collapse library dir [/usr/lib/gcc/x86_64-linux-gnu/7/../../../../lib] ==> [/usr/lib]
  collapse library dir [/lib/x86_64-linux-gnu] ==> [/lib/x86_64-linux-gnu]
  collapse library dir [/lib/../lib] ==> [/lib]
  collapse library dir [/usr/lib/x86_64-linux-gnu] ==> [/usr/lib/x86_64-linux-gnu]
  collapse library dir [/usr/lib/../lib] ==> [/usr/lib]
  collapse library dir [/usr/lib/gcc/x86_64-linux-gnu/7/../../..] ==> [/usr/lib]
  implicit libs: [gcc;gcc_s;c;gcc;gcc_s]
  implicit dirs: [/usr/lib/gcc/x86_64-linux-gnu/7;/usr/lib/x86_64-linux-gnu;/usr/lib;/lib/x86_64-linux-gnu;/lib]
  implicit fwks: []




Detecting C [-std=c11] compiler features compiled with the following output:
Change Dir: /home/frantzcito/Desktop/rstm/rstm_build/CMakeFiles/CMakeTmp

Run Build Command:"/usr/bin/make" "cmTC_c36aa/fast"
/usr/bin/make -f CMakeFiles/cmTC_c36aa.dir/build.make CMakeFiles/cmTC_c36aa.dir/build
make[1]: Entering directory '/home/frantzcito/Desktop/rstm/rstm_build/CMakeFiles/CMakeTmp'
Building C object CMakeFiles/cmTC_c36aa.dir/feature_tests.c.o
/usr/bin/cc   -O2 -g -DNDEBUG   -std=c11 -o CMakeFiles/cmTC_c36aa.dir/feature_tests.c.o   -c /home/frantzcito/Desktop/rstm/rstm_build/CMakeFiles/feature_tests.c
Linking C executable cmTC_c36aa
/usr/bin/cmake -E cmake_link_script CMakeFiles/cmTC_c36aa.dir/link.txt --verbose=1
/usr/bin/cc   -O2 -g -DNDEBUG    -rdynamic CMakeFiles/cmTC_c36aa.dir/feature_tests.c.o  -o cmTC_c36aa 
make[1]: Leaving directory '/home/frantzcito/Desktop/rstm/rstm_build/CMakeFiles/CMakeTmp'


    Feature record: C_FEATURE:1c_function_prototypes
    Feature record: C_FEATURE:1c_restrict
    Feature record: C_FEATURE:1c_static_assert
    Feature record: C_FEATURE:1c_variadic_macros


Detecting C [-std=c99] compiler features compiled with the following output:
Change Dir: /home/frantzcito/Desktop/rstm/rstm_build/CMakeFiles/CMakeTmp

Run Build Command:"/usr/bin/make" "cmTC_2e61f/fast"
/usr/bin/make -f CMakeFiles/cmTC_2e61f.dir/build.make CMakeFiles/cmTC_2e61f.dir/build
make[1]: Entering directory '/home/frantzcito/Desktop/rstm/rstm_build/CMakeFiles/CMakeTmp'
Building C object CMakeFiles/cmTC_2e61f.dir/feature_tests.c.o
/usr/bin/cc   -O2 -g -DNDEBUG   -std=c99 -o CMakeFiles/cmTC_2e61f.dir/feature_tests.c.o   -c /home/frantzcito/Desktop/rstm/rstm_build/CMakeFiles/feature_tests.c
Linking C executable cmTC_2e61f
/usr/bin/cmake -E cmake_link_script CMakeFiles/cmTC_2e61f.dir/link.txt --verbose=1
/usr/bin/cc   -O2 -g -DNDEBUG    -rdynamic CMakeFiles/cmTC_2e61f.dir/feature_tests.c.o  -o cmTC_2e61f 
make[1]: Leaving directory '/home/frantzcito/Desktop/rstm/rstm_build/CMakeFiles/CMakeTmp'


    Feature record: C_FEATURE:1c_function_prototypes
    Feature record: C_FEATURE:1c_restrict
    Feature record: C_FEATURE:0c_static_assert
    Feature record: C_FEATURE:1c_variadic_macros


Detecting C [-std=c90] compiler features compiled with the following output:
Change Dir: /home/frantzcito/Desktop/rstm/rstm_build/CMakeFiles/CMakeTmp

Run Build Command:"/usr/bin/make" "cmTC_d7ed8/fast"
/usr/bin/make -f CMakeFiles/cmTC_d7ed8.dir/build.make CMakeFiles/cmTC_d7ed8.dir/build
make[1]: Entering directory '/home/frantzcito/Desktop/rstm/rstm_build/CMakeFiles/CMakeTmp'
Building C object CMakeFiles/cmTC_d7ed8.dir/feature_tests.c.o
/usr/bin/cc   -O2 -g -DNDEBUG   -std=c90 -o CMakeFiles/cmTC_d7ed8.dir/feature_tests.c.o   -c /home/frantzcito/Desktop/rstm/rstm_build/CMakeFiles/feature_tests.c
Linking C executable cmTC_d7ed8
/usr/bin/cmake -E cmake_link_script CMakeFiles/cmTC_d7ed8.dir/link.txt --verbose=1
/usr/bin/cc   -O2 -g -DNDEBUG    -rdynamic CMakeFiles/cmTC_d7ed8.dir/feature_tests.c.o  -o cmTC_d7ed8 
make[1]: Leaving directory '/home/frantzcito/Desktop/rstm/rstm_build/CMakeFiles/CMakeTmp'


    Feature record: C_FEATURE:1c_function_prototypes
    Feature record: C_FEATURE:0c_restrict
    Feature record: C_FEATURE:0c_static_assert
    Feature record: C_FEATURE:0c_variadic_macros
Determining if the CXX compiler works passed with the following output:
Change Dir: /home/frantzcito/Desktop/rstm/rstm_build/CMakeFiles/CMakeTmp

Run Build Command:"/usr/bin/make" "cmTC_47fd0/fast"
/usr/bin/make -f CMakeFiles/cmTC_47fd0.dir/build.make CMakeFiles/cmTC_47fd0.dir/build
make[1]: Entering directory '/home/frantzcito/Desktop/rstm/rstm_build/CMakeFiles/CMakeTmp'
Building CXX object CMakeFiles/cmTC_47fd0.dir/testCXXCompiler.cxx.o
/usr/bin/c++    -Wall -msse2 -mfpmath=sse -march=core2 -mtune=core2   -O3 -g   -o CMakeFiles/cmTC_47fd0.dir/testCXXCompiler.cxx.o -c /home/frantzcito/Desktop/rstm/rstm_build/CMakeFiles/CMakeTmp/testCXXCompiler.cxx
Linking CXX executable cmTC_47fd0
/usr/bin/cmake -E cmake_link_script CMakeFiles/cmTC_47fd0.dir/link.txt --verbose=1
/usr/bin/c++   -Wall -msse2 -mfpmath=sse -march=core2 -mtune=core2   -O3 -g    -rdynamic CMakeFiles/cmTC_47fd0.dir/testCXXCompiler.cxx.o  -o cmTC_47fd0 
make[1]: Leaving directory '/home/frantzcito/Desktop/rstm/rstm_build/CMakeFiles/CMakeTmp'


Detecting CXX compiler ABI info compiled with the following output:
Change Dir: /home/frantzcito/Desktop/rstm/rstm_build/CMakeFiles/CMakeTmp

Run Build Command:"/usr/bin/make" "cmTC_e0d6b/fast"
/usr/bin/make -f CMakeFiles/cmTC_e0d6b.dir/build.make CMakeFiles/cmTC_e0d6b.dir/build
make[1]: Entering directory '/home/frantzcito/Desktop/rstm/rstm_build/CMakeFiles/CMakeTmp'
Building CXX object CMakeFiles/cmTC_e0d6b.dir/CMakeCXXCompilerABI.cpp.o
/usr/bin/c++    -Wall -msse2 -mfpmath=sse -march=core2 -mtune=core2   -O3 -g   -o CMakeFiles/cmTC_e0d6b.dir/CMakeCXXCompilerABI.cpp.o -c /usr/share/cmake-3.10/Modules/CMakeCXXCompilerABI.cpp
Linking CXX executable cmTC_e0d6b
/usr/bin/cmake -E cmake_link_script CMakeFiles/cmTC_e0d6b.dir/link.txt --verbose=1
/usr/bin/c++   -Wall -msse2 -mfpmath=sse -march=core2 -mtune=core2   -O3 -g   -v -rdynamic CMakeFiles/cmTC_e0d6b.dir/CMakeCXXCompilerABI.cpp.o  -o cmTC_e0d6b 
Using built-in specs.
COLLECT_GCC=/usr/bin/c++
COLLECT_LTO_WRAPPER=/usr/lib/gcc/x86_64-linux-gnu/7/lto-wrapper
OFFLOAD_TARGET_NAMES=nvptx-none
OFFLOAD_TARGET_DEFAULT=1
Target: x86_64-linux-gnu
Configured with: ../src/configure -v --with-pkgversion='Ubuntu 7.3.0-27ubuntu1~18.04' --with-bugurl=file:///usr/share/doc/gcc-7/README.Bugs --enable-languages=c,ada,c++,go,brig,d,fortran,objc,obj-c++ --prefix=/usr --with-gcc-major-version-only --program-suffix=-7 --program-prefix=x86_64-linux-gnu- --enable-shared --enable-linker-build-id --libexecdir=/usr/lib --without-included-gettext --enable-threads=posix --libdir=/usr/lib --enable-nls --with-sysroot=/ --enable-clocale=gnu --enable-libstdcxx-debug --enable-libstdcxx-time=yes --with-default-libstdcxx-abi=new --enable-gnu-unique-object --disable-vtable-verify --enable-libmpx --enable-plugin --enable-default-pie --with-system-zlib --with-target-system-zlib --enable-objc-gc=auto --enable-multiarch --disable-werror --with-arch-32=i686 --with-abi=m64 --with-multilib-list=m32,m64,mx32 --enable-multilib --with-tune=generic --enable-offload-targets=nvptx-none --without-cuda-driver --enable-checking=release --build=x86_64-linux-gnu --host=x86_64-linux-gnu --target=x86_64-linux-gnu
Thread model: posix
gcc version 7.3.0 (Ubuntu 7.3.0-27ubuntu1~18.04) 
COMPILER_PATH=/usr/lib/gcc/x86_64-linux-gnu/7/:/usr/lib/gcc/x86_64-linux-gnu/7/:/usr/lib/gcc/x86_64-linux-gnu/:/usr/lib/gcc/x86_64-linux-gnu/7/:/usr/lib/gcc/x86_64-linux-gnu/
LIBRARY_PATH=/usr/lib/gcc/x86_64-linux-gnu/7/:/usr/lib/gcc/x86_64-linux-gnu/7/../../../x86_64-linux-gnu/:/usr/lib/gcc/x86_64-linux-gnu/7/../../../../lib/:/lib/x86_64-linux-gnu/:/lib/../lib/:/usr/lib/x86_64-linux-gnu/:/usr/lib/../lib/:/usr/lib/gcc/x86_64-linux-gnu/7/../../../:/lib/:/usr/lib/
COLLECT_GCC_OPTIONS='-Wall' '-msse2' '-mfpmath=sse' '-march=core2' '-mtune=core2' '-O3' '-g' '-v' '-rdynamic' '-o' 'cmTC_e0d6b' '-shared-libgcc'
 /usr/lib/gcc/x86_64-linux-gnu/7/collect2 -plugin /usr/lib/gcc/x86_64-linux-gnu/7/liblto_plugin.so -plugin-opt=/usr/lib/gcc/x86_64-linux-gnu/7/lto-wrapper -plugin-opt=-fresolution=/tmp/cc7UQH55.res -plugin-opt=-pass-through=-lgcc_s -plugin-opt=-pass-through=-lgcc -plugin-opt=-pass-through=-lc -plugin-opt=-pass-through=-lgcc_s -plugin-opt=-pass-through=-lgcc --sysroot=/ --build-id --eh-frame-hdr -m elf_x86_64 --hash-style=gnu --as-needed -export-dynamic -dynamic-linker /lib64/ld-linux-x86-64.so.2 -pie -z now -z relro -o cmTC_e0d6b /usr/lib/gcc/x86_64-linux-gnu/7/../../../x86_64-linux-gnu/Scrt1.o /usr/lib/gcc/x86_64-linux-gnu/7/../../../x86_64-linux-gnu/crti.o /usr/lib/gcc/x86_64-linux-gnu/7/crtbeginS.o -L/usr/lib/gcc/x86_64-linux-gnu/7 -L/usr/lib/gcc/x86_64-linux-gnu/7/../../../x86_64-linux-gnu -L/usr/lib/gcc/x86_64-linux-gnu/7/../../../../lib -L/lib/x86_64-linux-gnu -L/lib/../lib -L/usr/lib/x86_64-linux-gnu -L/usr/lib/../lib -L/usr/lib/gcc/x86_64-linux-gnu/7/../../.. CMakeFiles/cmTC_e0d6b.dir/CMakeCXXCompilerABI.cpp.o -lstdc++ -lm -lgcc_s -lgcc -lc -lgcc_s -lgcc /usr/lib/gcc/x86_64-linux-gnu/7/crtendS.o /usr/lib/gcc/x86_64-linux-gnu/7/../../../x86_64-linux-gnu/crtn.o
COLLECT_GCC_OPTIONS='-Wall' '-msse2' '-mfpmath=sse' '-march=core2' '-mtune=core2' '-O3' '-g' '-v' '-rdynamic' '-o' 'cmTC_e0d6b' '-shared-libgcc'
make[1]: Leaving directory '/home/frantzcito/Desktop/rstm/rstm_build/CMakeFiles/CMakeTmp'


Parsed CXX implicit link information from above output:
  link line regex: [^( *|.*[/\])(ld|CMAKE_LINK_STARTFILE-NOTFOUND|([^/\]+-)?ld|collect2)[^/\]*( |$)]
  ignore line: [Change Dir: /home/frantzcito/Desktop/rstm/rstm_build/CMakeFiles/CMakeTmp]
  ignore line: []
  ignore line: [Run Build Command:"/usr/bin/make" "cmTC_e0d6b/fast"]
  ignore line: [/usr/bin/make -f CMakeFiles/cmTC_e0d6b.dir/build.make CMakeFiles/cmTC_e0d6b.dir/build]
  ignore line: [make[1]: Entering directory '/home/frantzcito/Desktop/rstm/rstm_build/CMakeFiles/CMakeTmp']
  ignore line: [Building CXX object CMakeFiles/cmTC_e0d6b.dir/CMakeCXXCompilerABI.cpp.o]
  ignore line: [/usr/bin/c++    -Wall -msse2 -mfpmath=sse -march=core2 -mtune=core2   -O3 -g   -o CMakeFiles/cmTC_e0d6b.dir/CMakeCXXCompilerABI.cpp.o -c /usr/share/cmake-3.10/Modules/CMakeCXXCompilerABI.cpp]
  ignore line: [Linking CXX executable cmTC_e0d6b]
  ignore line: [/usr/bin/cmake -E cmake_link_script CMakeFiles/cmTC_e0d6b.dir/link.txt --verbose=1]
  ignore line: [/usr/bin/c++   -Wall -msse2 -mfpmath=sse -march=core2 -mtune=core2   -O3 -g   -v -rdynamic CMakeFiles/cmTC_e0d6b.dir/CMakeCXXCompilerABI.cpp.o  -o cmTC_e0d6b ]
  ignore line: [Using built-in specs.]
  ignore line: [COLLECT_GCC=/usr/bin/c++]
  ignore line: [COLLECT_LTO_WRAPPER=/usr/lib/gcc/x86_64-linux-gnu/7/lto-wrapper]
  ignore line: [OFFLOAD_TARGET_NAMES=nvptx-none]
  ignore line: [OFFLOAD_TARGET_DEFAULT=1]
  ignore line: [Target: x86_64-linux-gnu]
  ignore line: [Configured with: ../src/configure -v --with-pkgversion='Ubuntu 7.3.0-27ubuntu1~18.04' --with-bugurl=file:///usr/share/doc/gcc-7/README.Bugs --enable-languages=c,ada,c++,go,brig,d,fortran,objc,obj-c++ --prefix=/usr --with-gcc-major-version-only --program-suffix=-7 --program-prefix=x86_64-linux-gnu- --enable-shared --enable-linker-build-id --libexecdir=/usr/lib --without-included-gettext --enable-threads=posix --libdir=/usr/lib --enable-nls --with-sysroot=/ --enable-clocale=gnu --enable-libstdcxx-debug --enable-libstdcxx-time=yes --with-default-libstdcxx-abi=new --enable-gnu-unique-object --disable-vtable-verify --enable-libmpx --enable-plugin --enable-default-pie --with-system-zlib --with-target-system-zlib --enable-objc-gc=auto --enable-multiarch --disable-werror --with-arch-32=i686 --with-abi=m64 --with-multilib-list=m32,m64,mx32 --enable-multilib --with-tune=generic --enable-offload-targets=nvptx-none --without-cuda-driver --enable-checking=release --build=x86_64-linux-gnu --host=x86_64-linux-gnu --target=x86_64-linux-gnu]
  ignore line: [Thread model: posix]
  ignore line: [gcc version 7.3.0 (Ubuntu 7.3.0-27ubuntu1~18.04) ]
  ignore line: [COMPILER_PATH=/usr/lib/gcc/x86_64-linux-gnu/7/:/usr/lib/gcc/x86_64-linux-gnu/7/:/usr/lib/gcc/x86_64-linux-gnu/:/usr/lib/gcc/x86_64-linux-gnu/7/:/usr/lib/gcc/x86_64-linux-gnu/]
  ignore line: [LIBRARY_PATH=/usr/lib/gcc/x86_64-linux-gnu/7/:/usr/lib/gcc/x86_64-linux-gnu/7/../../../x86_64-linux-gnu/:/usr/lib/gcc/x86_64-linux-gnu/7/../../../../lib/:/lib/x86_64-linux-gnu/:/lib/../lib/:/usr/lib/x86_64-linux-gnu/:/usr/lib/../lib/:/usr/lib/gcc/x86_64-linux-gnu/7/../../../:/lib/:/usr/lib/]
  ignore line: [COLLECT_GCC_OPTIONS='-Wall' '-msse2' '-mfpmath=sse' '-march=core2' '-mtune=core2' '-O3' '-g' '-v' '-rdynamic' '-o' 'cmTC_e0d6b' '-shared-libgcc']
  link line: [ /usr/lib/gcc/x86_64-linux-gnu/7/collect2 -plugin /usr/lib/gcc/x86_64-linux-gnu/7/liblto_plugin.so -plugin-opt=/usr/lib/gcc/x86_64-linux-gnu/7/lto-wrapper -plugin-opt=-fresolution=/tmp/cc7UQH55.res -plugin-opt=-pass-through=-lgcc_s -plugin-opt=-pass-through=-lgcc -plugin-opt=-pass-through=-lc -plugin-opt=-pass-through=-lgcc_s -plugin-opt=-pass-through=-lgcc --sysroot=/ --build-id --eh-frame-hdr -m elf_x86_64 --hash-style=gnu --as-needed -export-dynamic -dynamic-linker /lib64/ld-linux-x86-64.so.2 -pie -z now -z relro -o cmTC_e0d6b /usr/lib/gcc/x86_64-linux-gnu/7/../../../x86_64-linux-gnu/Scrt1.o /usr/lib/gcc/x86_64-linux-gnu/7/../../../x86_64-linux-gnu/crti.o /usr/lib/gcc/x86_64-linux-gnu/7/crtbeginS.o -L/usr/lib/gcc/x86_64-linux-gnu/7 -L/usr/lib/gcc/x86_64-linux-gnu/7/../../../x86_64-linux-gnu -L/usr/lib/gcc/x86_64-linux-gnu/7/../../../../lib -L/lib/x86_64-linux-gnu -L/lib/../lib -L/usr/lib/x86_64-linux-gnu -L/usr/lib/../lib -L/usr/lib/gcc/x86_64-linux-gnu/7/../../.. CMakeFiles/cmTC_e0d6b.dir/CMakeCXXCompilerABI.cpp.o -lstdc++ -lm -lgcc_s -lgcc -lc -lgcc_s -lgcc /usr/lib/gcc/x86_64-linux-gnu/7/crtendS.o /usr/lib/gcc/x86_64-linux-gnu/7/../../../x86_64-linux-gnu/crtn.o]
    arg [/usr/lib/gcc/x86_64-linux-gnu/7/collect2] ==> ignore
    arg [-plugin] ==> ignore
    arg [/usr/lib/gcc/x86_64-linux-gnu/7/liblto_plugin.so] ==> ignore
    arg [-plugin-opt=/usr/lib/gcc/x86_64-linux-gnu/7/lto-wrapper] ==> ignore
    arg [-plugin-opt=-fresolution=/tmp/cc7UQH55.res] ==> ignore
    arg [-plugin-opt=-pass-through=-lgcc_s] ==> ignore
    arg [-plugin-opt=-pass-through=-lgcc] ==> ignore
    arg [-plugin-opt=-pass-through=-lc] ==> ignore
    arg [-plugin-opt=-pass-through=-lgcc_s] ==> ignore
    arg [-plugin-opt=-pass-through=-lgcc] ==> ignore
    arg [--sysroot=/] ==> ignore
    arg [--build-id] ==> ignore
    arg [--eh-frame-hdr] ==> ignore
    arg [-m] ==> ignore
    arg [elf_x86_64] ==> ignore
    arg [--hash-style=gnu] ==> ignore
    arg [--as-needed] ==> ignore
    arg [-export-dynamic] ==> ignore
    arg [-dynamic-linker] ==> ignore
    arg [/lib64/ld-linux-x86-64.so.2] ==> ignore
    arg [-pie] ==> ignore
    arg [-znow] ==> ignore
    arg [-zrelro] ==> ignore
    arg [-o] ==> ignore
    arg [cmTC_e0d6b] ==> ignore
    arg [/usr/lib/gcc/x86_64-linux-gnu/7/../../../x86_64-linux-gnu/Scrt1.o] ==> ignore
    arg [/usr/lib/gcc/x86_64-linux-gnu/7/../../../x86_64-linux-gnu/crti.o] ==> ignore
    arg [/usr/lib/gcc/x86_64-linux-gnu/7/crtbeginS.o] ==> ignore
    arg [-L/usr/lib/gcc/x86_64-linux-gnu/7] ==> dir [/usr/lib/gcc/x86_64-linux-gnu/7]
    arg [-L/usr/lib/gcc/x86_64-linux-gnu/7/../../../x86_64-linux-gnu] ==> dir [/usr/lib/gcc/x86_64-linux-gnu/7/../../../x86_64-linux-gnu]
    arg [-L/usr/lib/gcc/x86_64-linux-gnu/7/../../../../lib] ==> dir [/usr/lib/gcc/x86_64-linux-gnu/7/../../../../lib]
    arg [-L/lib/x86_64-linux-gnu] ==> dir [/lib/x86_64-linux-gnu]
    arg [-L/lib/../lib] ==> dir [/lib/../lib]
    arg [-L/usr/lib/x86_64-linux-gnu] ==> dir [/usr/lib/x86_64-linux-gnu]
    arg [-L/usr/lib/../lib] ==> dir [/usr/lib/../lib]
    arg [-L/usr/lib/gcc/x86_64-linux-gnu/7/../../..] ==> dir [/usr/lib/gcc/x86_64-linux-gnu/7/../../..]
    arg [CMakeFiles/cmTC_e0d6b.dir/CMakeCXXCompilerABI.cpp.o] ==> ignore
    arg [-lstdc++] ==> lib [stdc++]
    arg [-lm] ==> lib [m]
    arg [-lgcc_s] ==> lib [gcc_s]
    arg [-lgcc] ==> lib [gcc]
    arg [-lc] ==> lib [c]
    arg [-lgcc_s] ==> lib [gcc_s]
    arg [-lgcc] ==> lib [gcc]
    arg [/usr/lib/gcc/x86_64-linux-gnu/7/crtendS.o] ==> ignore
    arg [/usr/lib/gcc/x86_64-linux-gnu/7/../../../x86_64-linux-gnu/crtn.o] ==> ignore
  collapse library dir [/usr/lib/gcc/x86_64-linux-gnu/7] ==> [/usr/lib/gcc/x86_64-linux-gnu/7]
  collapse library dir [/usr/lib/gcc/x86_64-linux-gnu/7/../../../x86_64-linux-gnu] ==> [/usr/lib/x86_64-linux-gnu]
  collapse library dir [/usr/lib/gcc/x86_64-linux-gnu/7/../../../../lib] ==> [/usr/lib]
  collapse library dir [/lib/x86_64-linux-gnu] ==> [/lib/x86_64-linux-gnu]
  collapse library dir [/lib/../lib] ==> [/lib]
  collapse library dir [/usr/lib/x86_64-linux-gnu] ==> [/usr/lib/x86_64-linux-gnu]
  collapse library dir [/usr/lib/../lib] ==> [/usr/lib]
  collapse library dir [/usr/lib/gcc/x86_64-linux-gnu/7/../../..] ==> [/usr/lib]
  implicit libs: [stdc++;m;gcc_s;gcc;c;gcc_s;gcc]
  implicit dirs: [/usr/lib/gcc/x86_64-linux-gnu/7;/usr/lib/x86_64-linux-gnu;/usr/lib;/lib/x86_64-linux-gnu;/lib]
  implicit fwks: []




Detecting CXX [-std=c++1z] compiler features compiled with the following output:
Change Dir: /home/frantzcito/Desktop/rstm/rstm_build/CMakeFiles/CMakeTmp

Run Build Command:"/usr/bin/make" "cmTC_40eaf/fast"
/usr/bin/make -f CMakeFiles/cmTC_40eaf.dir/build.make CMakeFiles/cmTC_40eaf.dir/build
make[1]: Entering directory '/home/frantzcito/Desktop/rstm/rstm_build/CMakeFiles/CMakeTmp'
Building CXX object CMakeFiles/cmTC_40eaf.dir/feature_tests.cxx.o
/usr/bin/c++    -Wall -msse2 -mfpmath=sse -march=core2 -mtune=core2   -O3 -g   -std=c++1z -o CMakeFiles/cmTC_40eaf.dir/feature_tests.cxx.o -c /home/frantzcito/Desktop/rstm/rstm_build/CMakeFiles/feature_tests.cxx
Linking CXX executable cmTC_40eaf
/usr/bin/cmake -E cmake_link_script CMakeFiles/cmTC_40eaf.dir/link.txt --verbose=1
/usr/bin/c++   -Wall -msse2 -mfpmath=sse -march=core2 -mtune=core2   -O3 -g    -rdynamic CMakeFiles/cmTC_40eaf.dir/feature_tests.cxx.o  -o cmTC_40eaf 
make[1]: Leaving directory '/home/frantzcito/Desktop/rstm/rstm_build/CMakeFiles/CMakeTmp'


    Feature record: CXX_FEATURE:1cxx_aggregate_default_initializers
    Feature record: CXX_FEATURE:1cxx_alias_templates
    Feature record: CXX_FEATURE:1cxx_alignas
    Feature record: CXX_FEATURE:1cxx_alignof
    Feature record: CXX_FEATURE:1cxx_attributes
    Feature record: CXX_FEATURE:1cxx_attribute_deprecated
    Feature record: CXX_FEATURE:1cxx_auto_type
    Feature record: CXX_FEATURE:1cxx_binary_literals
    Feature record: CXX_FEATURE:1cxx_constexpr
    Feature record: CXX_FEATURE:1cxx_contextual_conversions
    Feature record: CXX_FEATURE:1cxx_decltype
    Feature record: CXX_FEATURE:1cxx_decltype_auto
    Feature record: CXX_FEATURE:1cxx_decltype_incomplete_return_types
    Feature record: CXX_FEATURE:1cxx_default_function_template_args
    Feature record: CXX_FEATURE:1cxx_defaulted_functions
    Feature record: CXX_FEATURE:1cxx_defaulted_move_initializers
    Feature record: CXX_FEATURE:1cxx_delegating_constructors
    Feature record: CXX_FEATURE:1cxx_deleted_functions
    Feature record: CXX_FEATURE:1cxx_digit_separators
    Feature record: CXX_FEATURE:1cxx_enum_forward_declarations
    Feature record: CXX_FEATURE:1cxx_explicit_conversions
    Feature record: CXX_FEATURE:1cxx_extended_friend_declarations
    Feature record: CXX_FEATURE:1cxx_extern_templates
    Feature record: CXX_FEATURE:1cxx_final
    Feature record: CXX_FEATURE:1cxx_func_identifier
    Feature record: CXX_FEATURE:1cxx_generalized_initializers
    Feature record: CXX_FEATURE:1cxx_generic_lambdas
    Feature record: CXX_FEATURE:1cxx_inheriting_constructors
    Feature record: CXX_FEATURE:1cxx_inline_namespaces
    Feature record: CXX_FEATURE:1cxx_lambdas
    Feature record: CXX_FEATURE:1cxx_lambda_init_captures
    Feature record: CXX_FEATURE:1cxx_local_type_template_args
    Feature record: CXX_FEATURE:1cxx_long_long_type
    Feature record: CXX_FEATURE:1cxx_noexcept
    Feature record: CXX_FEATURE:1cxx_nonstatic_member_init
    Feature record: CXX_FEATURE:1cxx_nullptr
    Feature record: CXX_FEATURE:1cxx_override
    Feature record: CXX_FEATURE:1cxx_range_for
    Feature record: CXX_FEATURE:1cxx_raw_string_literals
    Feature record: CXX_FEATURE:1cxx_reference_qualified_functions
    Feature record: CXX_FEATURE:1cxx_relaxed_constexpr
    Feature record: CXX_FEATURE:1cxx_return_type_deduction
    Feature record: CXX_FEATURE:1cxx_right_angle_brackets
    Feature record: CXX_FEATURE:1cxx_rvalue_references
    Feature record: CXX_FEATURE:1cxx_sizeof_member
    Feature record: CXX_FEATURE:1cxx_static_assert
    Feature record: CXX_FEATURE:1cxx_strong_enums
    Feature record: CXX_FEATURE:1cxx_template_template_parameters
    Feature record: CXX_FEATURE:1cxx_thread_local
    Feature record: CXX_FEATURE:1cxx_trailing_return_types
    Feature record: CXX_FEATURE:1cxx_unicode_literals
    Feature record: CXX_FEATURE:1cxx_uniform_initialization
    Feature record: CXX_FEATURE:1cxx_unrestricted_unions
    Feature record: CXX_FEATURE:1cxx_user_literals
    Feature record: CXX_FEATURE:1cxx_variable_templates
    Feature record: CXX_FEATURE:1cxx_variadic_macros
    Feature record: CXX_FEATURE:1cxx_variadic_templates


Detecting CXX [-std=c++14] compiler features compiled with the following output:
Change Dir: /home/frantzcito/Desktop/rstm/rstm_build/CMakeFiles/CMakeTmp

Run Build Command:"/usr/bin/make" "cmTC_764ce/fast"
/usr/bin/make -f CMakeFiles/cmTC_764ce.dir/build.make CMakeFiles/cmTC_764ce.dir/build
make[1]: Entering directory '/home/frantzcito/Desktop/rstm/rstm_build/CMakeFiles/CMakeTmp'
Building CXX object CMakeFiles/cmTC_764ce.dir/feature_tests.cxx.o
/usr/bin/c++    -Wall -msse2 -mfpmath=sse -march=core2 -mtune=core2   -O3 -g   -std=c++14 -o CMakeFiles/cmTC_764ce.dir/feature_tests.cxx.o -c /home/frantzcito/Desktop/rstm/rstm_build/CMakeFiles/feature_tests.cxx
Linking CXX executable cmTC_764ce
/usr/bin/cmake -E cmake_link_script CMakeFiles/cmTC_764ce.dir/link.txt --verbose=1
/usr/bin/c++   -Wall -msse2 -mfpmath=sse -march=core2 -mtune=core2   -O3 -g    -rdynamic CMakeFiles/cmTC_764ce.dir/feature_tests.cxx.o  -o cmTC_764ce 
make[1]: Leaving directory '/home/frantzcito/Desktop/rstm/rstm_build/CMakeFiles/CMakeTmp'


    Feature record: CXX_FEATURE:1cxx_aggregate_default_initializers
    Feature record: CXX_FEATURE:1cxx_alias_templates
    Feature record: CXX_FEATURE:1cxx_alignas
    Feature record: CXX_FEATURE:1cxx_alignof
    Feature record: CXX_FEATURE:1cxx_attributes
    Feature record: CXX_FEATURE:1cxx_attribute_deprecated
    Feature record: CXX_FEATURE:1cxx_auto_type
    Feature record: CXX_FEATURE:1cxx_binary_literals
    Feature record: CXX_FEATURE:1cxx_constexpr
    Feature record: CXX_FEATURE:1cxx_contextual_conversions
    Feature record: CXX_FEATURE:1cxx_decltype
    Feature record: CXX_FEATURE:1cxx_decltype_auto
    Feature record: CXX_FEATURE:1cxx_decltype_incomplete_return_types
    Feature record: CXX_FEATURE:1cxx_default_function_template_args
    Feature record: CXX_FEATURE:1cxx_defaulted_functions
    Feature record: CXX_FEATURE:1cxx_defaulted_move_initializers
    Feature record: CXX_FEATURE:1cxx_delegating_constructors
    Feature record: CXX_FEATURE:1cxx_deleted_functions
    Feature record: CXX_FEATURE:1cxx_digit_separators
    Feature record: CXX_FEATURE:1cxx_enum_forward_declarations
    Feature record: CXX_FEATURE:1cxx_explicit_conversions
    Feature record: CXX_FEATURE:1cxx_extended_friend_declarations
    Feature record: CXX_FEATURE:1cxx_extern_templates
    Feature record: CXX_FEATURE:1cxx_final
    Feature record: CXX_FEATURE:1cxx_func_identifier
    Feature record: CXX_FEATURE:1cxx_generalized_initializers
    Feature record: CXX_FEATURE:1cxx_generic_lambdas
    Feature record: CXX_FEATURE:1cxx_inheriting_constructors
    Feature record: CXX_FEATURE:1cxx_inline_namespaces
    Feature record: CXX_FEATURE:1cxx_lambdas
    Feature record: CXX_FEATURE:1cxx_lambda_init_captures
    Feature record: CXX_FEATURE:1cxx_local_type_template_args
    Feature record: CXX_FEATURE:1cxx_long_long_type
    Feature record: CXX_FEATURE:1cxx_noexcept
    Feature record: CXX_FEATURE:1cxx_nonstatic_member_init
    Feature record: CXX_FEATURE:1cxx_nullptr
    Feature record: CXX_FEATURE:1cxx_override
    Feature record: CXX_FEATURE:1cxx_range_for
    Feature record: CXX_FEATURE:1cxx_raw_string_literals
    Feature record: CXX_FEATURE:1cxx_reference_qualified_functions
    Feature record: CXX_FEATURE:1cxx_relaxed_constexpr
    Feature record: CXX_FEATURE:1cxx_return_type_deduction
    Feature record: CXX_FEATURE:1cxx_right_angle_brackets
    Feature record: CXX_FEATURE:1cxx_rvalue_references
    Feature record: CXX_FEATURE:1cxx_sizeof_member
    Feature record: CXX_FEATURE:1cxx_static_assert
    Feature record: CXX_FEATURE:1cxx_strong_enums
    Feature record: CXX_FEATURE:1cxx_template_template_parameters
    Feature record: CXX_FEATURE:1cxx_thread_local
    Feature record: CXX_FEATURE:1cxx_trailing_return_types
    Feature record: CXX_FEATURE:1cxx_unicode_literals
    Feature record: CXX_FEATURE:1cxx_uniform_initialization
    Feature record: CXX_FEATURE:1cxx_unrestricted_unions
    Feature record: CXX_FEATURE:1cxx_user_literals
    Feature record: CXX_FEATURE:1cxx_variable_templates
    Feature record: CXX_FEATURE:1cxx_variadic_macros
    Feature record: CXX_FEATURE:1cxx_variadic_templates


Detecting CXX [-std=c++11] compiler features compiled with the following output:
Change Dir: /home/frantzcito/Desktop/rstm/rstm_build/CMakeFiles/CMakeTmp

Run Build Command:"/usr/bin/make" "cmTC_5a4eb/fast"
/usr/bin/make -f CMakeFiles/cmTC_5a4eb.dir/build.make CMakeFiles/cmTC_5a4eb.dir/build
make[1]: Entering directory '/home/frantzcito/Desktop/rstm/rstm_build/CMakeFiles/CMakeTmp'
Building CXX object CMakeFiles/cmTC_5a4eb.dir/feature_tests.cxx.o
/usr/bin/c++    -Wall -msse2 -mfpmath=sse -march=core2 -mtune=core2   -O3 -g   -std=c++11 -o CMakeFiles/cmTC_5a4eb.dir/feature_tests.cxx.o -c /home/frantzcito/Desktop/rstm/rstm_build/CMakeFiles/feature_tests.cxx
Linking CXX executable cmTC_5a4eb
/usr/bin/cmake -E cmake_link_script CMakeFiles/cmTC_5a4eb.dir/link.txt --verbose=1
/usr/bin/c++   -Wall -msse2 -mfpmath=sse -march=core2 -mtune=core2   -O3 -g    -rdynamic CMakeFiles/cmTC_5a4eb.dir/feature_tests.cxx.o  -o cmTC_5a4eb 
make[1]: Leaving directory '/home/frantzcito/Desktop/rstm/rstm_build/CMakeFiles/CMakeTmp'


    Feature record: CXX_FEATURE:0cxx_aggregate_default_initializers
    Feature record: CXX_FEATURE:1cxx_alias_templates
    Feature record: CXX_FEATURE:1cxx_alignas
    Feature record: CXX_FEATURE:1cxx_alignof
    Feature record: CXX_FEATURE:1cxx_attributes
    Feature record: CXX_FEATURE:0cxx_attribute_deprecated
    Feature record: CXX_FEATURE:1cxx_auto_type
    Feature record: CXX_FEATURE:0cxx_binary_literals
    Feature record: CXX_FEATURE:1cxx_constexpr
    Feature record: CXX_FEATURE:0cxx_contextual_conversions
    Feature record: CXX_FEATURE:1cxx_decltype
    Feature record: CXX_FEATURE:0cxx_decltype_auto
    Feature record: CXX_FEATURE:1cxx_decltype_incomplete_return_types
    Feature record: CXX_FEATURE:1cxx_default_function_template_args
    Feature record: CXX_FEATURE:1cxx_defaulted_functions
    Feature record: CXX_FEATURE:1cxx_defaulted_move_initializers
    Feature record: CXX_FEATURE:1cxx_delegating_constructors
    Feature record: CXX_FEATURE:1cxx_deleted_functions
    Feature record: CXX_FEATURE:0cxx_digit_separators
    Feature record: CXX_FEATURE:1cxx_enum_forward_declarations
    Feature record: CXX_FEATURE:1cxx_explicit_conversions
    Feature record: CXX_FEATURE:1cxx_extended_friend_declarations
    Feature record: CXX_FEATURE:1cxx_extern_templates
    Feature record: CXX_FEATURE:1cxx_final
    Feature record: CXX_FEATURE:1cxx_func_identifier
    Feature record: CXX_FEATURE:1cxx_generalized_initializers
    Feature record: CXX_FEATURE:0cxx_generic_lambdas
    Feature record: CXX_FEATURE:1cxx_inheriting_constructors
    Feature record: CXX_FEATURE:1cxx_inline_namespaces
    Feature record: CXX_FEATURE:1cxx_lambdas
    Feature record: CXX_FEATURE:0cxx_lambda_init_captures
    Feature record: CXX_FEATURE:1cxx_local_type_template_args
    Feature record: CXX_FEATURE:1cxx_long_long_type
    Feature record: CXX_FEATURE:1cxx_noexcept
    Feature record: CXX_FEATURE:1cxx_nonstatic_member_init
    Feature record: CXX_FEATURE:1cxx_nullptr
    Feature record: CXX_FEATURE:1cxx_override
    Feature record: CXX_FEATURE:1cxx_range_for
    Feature record: CXX_FEATURE:1cxx_raw_string_literals
    Feature record: CXX_FEATURE:1cxx_reference_qualified_functions
    Feature record: CXX_FEATURE:0cxx_relaxed_constexpr
    Feature record: CXX_FEATURE:0cxx_return_type_deduction
    Feature record: CXX_FEATURE:1cxx_right_angle_brackets
    Feature record: CXX_FEATURE:1cxx_rvalue_references
    Feature record: CXX_FEATURE:1cxx_sizeof_member
    Feature record: CXX_FEATURE:1cxx_static_assert
    Feature record: CXX_FEATURE:1cxx_strong_enums
    Feature record: CXX_FEATURE:1cxx_template_template_parameters
    Feature record: CXX_FEATURE:1cxx_thread_local
    Feature record: CXX_FEATURE:1cxx_trailing_return_types
    Feature record: CXX_FEATURE:1cxx_unicode_literals
    Feature record: CXX_FEATURE:1cxx_uniform_initialization
    Feature record: CXX_FEATURE:1cxx_unrestricted_unions
    Feature record: CXX_FEATURE:1cxx_user_literals
    Feature record: CXX_FEATURE:0cxx_variable_templates
    Feature record: CXX_FEATURE:1cxx_variadic_macros
    Feature record: CXX_FEATURE:1cxx_variadic_templates


Detecting CXX [-std=c++98] compiler features compiled with the following output:
Change Dir: /home/frantzcito/Desktop/rstm/rstm_build/CMakeFiles/CMakeTmp

Run Build Command:"/usr/bin/make" "cmTC_fe513/fast"
/usr/bin/make -f CMakeFiles/cmTC_fe513.dir/build.make CMakeFiles/cmTC_fe513.dir/build
make[1]: Entering directory '/home/frantzcito/Desktop/rstm/rstm_build/CMakeFiles/CMakeTmp'
Building CXX object CMakeFiles/cmTC_fe513.dir/feature_tests.cxx.o
/usr/bin/c++    -Wall -msse2 -mfpmath=sse -march=core2 -mtune=core2   -O3 -g   -std=c++98 -o CMakeFiles/cmTC_fe513.dir/feature_tests.cxx.o -c /home/frantzcito/Desktop/rstm/rstm_build/CMakeFiles/feature_tests.cxx
Linking CXX executable cmTC_fe513
/usr/bin/cmake -E cmake_link_script CMakeFiles/cmTC_fe513.dir/link.txt --verbose=1
/usr/bin/c++   -Wall -msse2 -mfpmath=sse -march=core2 -mtune=core2   -O3 -g    -rdynamic CMakeFiles/cmTC_fe513.dir/feature_tests.cxx.o  -o cmTC_fe513 
make[1]: Leaving directory '/home/frantzcito/Desktop/rstm/rstm_build/CMakeFiles/CMakeTmp'


    Feature record: CXX_FEATURE:0cxx_aggregate_default_initializers
    Feature record: CXX_FEATURE:0cxx_alias_templates
    Feature record: CXX_FEATURE:0cxx_alignas
    Feature record: CXX_FEATURE:0cxx_alignof
    Feature record: CXX_FEATURE:0cxx_attributes
    Feature record: CXX_FEATURE:0cxx_attribute_deprecated
    Feature record: CXX_FEATURE:0cxx_auto_type
    Feature record: CXX_FEATURE:0cxx_binary_literals
    Feature record: CXX_FEATURE:0cxx_constexpr
    Feature record: CXX_FEATURE:0cxx_contextual_conversions
    Feature record: CXX_FEATURE:0cxx_decltype
    Feature record: CXX_FEATURE:0cxx_decltype_auto
    Feature record: CXX_FEATURE:0cxx_decltype_incomplete_return_types
    Feature record: CXX_FEATURE:0cxx_default_function_template_args
    Feature record: CXX_FEATURE:0cxx_defaulted_functions
    Feature record: CXX_FEATURE:0cxx_defaulted_move_initializers
    Feature record: CXX_FEATURE:0cxx_delegating_constructors
    Feature record: CXX_FEATURE:0cxx_deleted_functions
    Feature record: CXX_FEATURE:0cxx_digit_separators
    Feature record: CXX_FEATURE:0cxx_enum_forward_declarations
    Feature record: CXX_FEATURE:0cxx_explicit_conversions
    Feature record: CXX_FEATURE:0cxx_extended_friend_declarations
    Feature record: CXX_FEATURE:0cxx_extern_templates
    Feature record: CXX_FEATURE:0cxx_final
    Feature record: CXX_FEATURE:0cxx_func_identifier
    Feature record: CXX_FEATURE:0cxx_generalized_initializers
    Feature record: CXX_FEATURE:0cxx_generic_lambdas
    Feature record: CXX_FEATURE:0cxx_inheriting_constructors
    Feature record: CXX_FEATURE:0cxx_inline_namespaces
    Feature record: CXX_FEATURE:0cxx_lambdas
    Feature record: CXX_FEATURE:0cxx_lambda_init_captures
    Feature record: CXX_FEATURE:0cxx_local_type_template_args
    Feature record: CXX_FEATURE:0cxx_long_long_type
    Feature record: CXX_FEATURE:0cxx_noexcept
    Feature record: CXX_FEATURE:0cxx_nonstatic_member_init
    Feature record: CXX_FEATURE:0cxx_nullptr
    Feature record: CXX_FEATURE:0cxx_override
    Feature record: CXX_FEATURE:0cxx_range_for
    Feature record: CXX_FEATURE:0cxx_raw_string_literals
    Feature record: CXX_FEATURE:0cxx_reference_qualified_functions
    Feature record: CXX_FEATURE:0cxx_relaxed_constexpr
    Feature record: CXX_FEATURE:0cxx_return_type_deduction
    Feature record: CXX_FEATURE:0cxx_right_angle_brackets
    Feature record: CXX_FEATURE:0cxx_rvalue_references
    Feature record: CXX_FEATURE:0cxx_sizeof_member
    Feature record: CXX_FEATURE:0cxx_static_assert
    Feature record: CXX_FEATURE:0cxx_strong_enums
    Feature record: CXX_FEATURE:1cxx_template_template_parameters
    Feature record: CXX_FEATURE:0cxx_thread_local
    Feature record: CXX_FEATURE:0cxx_trailing_return_types
    Feature record: CXX_FEATURE:0cxx_unicode_literals
    Feature record: CXX_FEATURE:0cxx_uniform_initialization
    Feature record: CXX_FEATURE:0cxx_unrestricted_unions
    Feature record: CXX_FEATURE:0cxx_user_literals
    Feature record: CXX_FEATURE:0cxx_variable_templates
    Feature record: CXX_FEATURE:0cxx_variadic_macros
    Feature record: CXX_FEATURE:0cxx_variadic_templates
Determining if the include file pthread.h exists passed with the following output:
Change Dir: /home/frantzcito/Desktop/rstm/rstm_build/CMakeFiles/CMakeTmp

Run Build Command:"/usr/bin/make" "cmTC_d8835/fast"
/usr/bin/make -f CMakeFiles/cmTC_d8835.dir/build.make CMakeFiles/cmTC_d8835.dir/build
make[1]: Entering directory '/home/frantzcito/Desktop/rstm/rstm_build/CMakeFiles/CMakeTmp'
Building C object CMakeFiles/cmTC_d8835.dir/CheckIncludeFile.c.o
/usr/bin/cc   -O2 -g -DNDEBUG   -o CMakeFiles/cmTC_d8835.dir/CheckIncludeFile.c.o   -c /home/frantzcito/Desktop/rstm/rstm_build/CMakeFiles/CMakeTmp/CheckIncludeFile.c
Linking C executable cmTC_d8835
/usr/bin/cmake -E cmake_link_script CMakeFiles/cmTC_d8835.dir/link.txt --verbose=1
/usr/bin/cc   -O2 -g -DNDEBUG    -rdynamic CMakeFiles/cmTC_d8835.dir/CheckIncludeFile.c.o  -o cmTC_d8835 
make[1]: Leaving directory '/home/frantzcito/Desktop/rstm/rstm_build/CMakeFiles/CMakeTmp'


Determining if the function pthread_create exists in the pthread passed with the following output:
Change Dir: /home/frantzcito/Desktop/rstm/rstm_build/CMakeFiles/CMakeTmp

Run Build Command:"/usr/bin/make" "cmTC_263e8/fast"
/usr/bin/make -f CMakeFiles/cmTC_263e8.dir/build.make CMakeFiles/cmTC_263e8.dir/build
make[1]: Entering directory '/home/frantzcito/Desktop/rstm/rstm_build/CMakeFiles/CMakeTmp'
Building C object CMakeFiles/cmTC_263e8.dir/CheckFunctionExists.c.o
/usr/bin/cc   -DCHECK_FUNCTION_EXISTS=pthread_create -O2 -g -DNDEBUG   -o CMakeFiles/cmTC_263e8.dir/CheckFunctionExists.c.o   -c /usr/share/cmake-3.10/Modules/CheckFunctionExists.c
Linking C executable cmTC_263e8
/usr/bin/cmake -E cmake_link_script CMakeFiles/cmTC_263e8.dir/link.txt --verbose=1
/usr/bin/cc  -DCHECK_FUNCTION_EXISTS=pthread_create -O2 -g -DNDEBUG    -rdynamic CMakeFiles/cmTC_263e8.dir/CheckFunctionExists.c.o  -o cmTC_263e8 -lpthread 
make[1]: Leaving directory '/home/frantzcito/Desktop/rstm/rstm_build/CMakeFiles/CMakeTmp'


Performing C SOURCE FILE Test OpenMP_FLAG_DETECTED succeeded with the following output:
Change Dir: /home/frantzcito/Desktop/rstm/rstm_build/CMakeFiles/CMakeTmp

Run Build Command:"/usr/bin/make" "cmTC_67f00/fast"
/usr/bin/make -f CMakeFiles/cmTC_67f00.dir/build.make CMakeFiles/cmTC_67f00.dir/build
make[1]: Entering directory '/home/frantzcito/Desktop/rstm/rstm_build/CMakeFiles/CMakeTmp'
Building C object CMakeFiles/cmTC_67f00.dir/src.c.o
/usr/bin/cc   -DOpenMP_FLAG_DETECTED -fopenmp -O2 -g -DNDEBUG   -o CMakeFiles/cmTC_67f00.dir/src.c.o   -c /home/frantzcito/Desktop/rstm/rstm_build/CMakeFiles/CMakeTmp/src.c
Linking C executable cmTC_67f00
/usr/bin/cmake -E cmake_link_script CMakeFiles/cmTC_67f00.dir/link.txt --verbose=1
/usr/bin/cc  -DOpenMP_FLAG_DETECTED -fopenmp -O2 -g -DNDEBUG    -rdynamic CMakeFiles/cmTC_67f00.dir/src.c.o  -o cmTC_67f00 
make[1]: Leaving directory '/home/frantzcito/Desktop/rstm/rstm_build/CMakeFiles/CMakeTmp'

Source file was:

#include <omp.h>
int main() { 
#ifdef _OPENMP
  return 0; 
#else
  breaks_on_purpose
#endif
}

Performing C++ SOURCE FILE Test OpenMP_FLAG_DETECTED succeeded with the following output:
Change Dir: /home/frantzcito/Desktop/rstm/rstm_build/CMakeFiles/CMakeTmp

Run Build Command:"/usr/bin/make" "cmTC_b0479/fast"
/usr/bin/make -f CMakeFiles/cmTC_b0479.dir/build.make CMakeFiles/cmTC_b0479.dir/build
make[1]: Entering directory '/home/frantzcito/Desktop/rstm/rstm_build/CMakeFiles/CMakeTmp'
Building CXX object CMakeFiles/cmTC_b0479.dir/src.cxx.o
/usr/bin/c++    -Wall -msse2 -mfpmath=sse -march=core2 -mtune=core2 -DOpenMP_FLAG_DETECTED -fopenmp  -O3 -g   -o CMakeFiles/cmTC_b0479.dir/src.cxx.o -c /home/frantzcito/Desktop/rstm/rstm_build/CMakeFiles/CMakeTmp/src.cxx
Linking CXX executable cmTC_b0479
/usr/bin/cmake -E cmake_link_script CMakeFiles/cmTC_b0479.dir/link.txt --verbose=1
/usr/bin/c++   -Wall -msse2 -mfpmath=sse -march=core2 -mtune=core2 -DOpenMP_FLAG_DETECTED -fopenmp  -O3 -g    -rdynamic CMakeFiles/cmTC_b0479.dir/src.cxx.o  -o cmTC_b0479 
make[1]: Leaving directory '/home/frantzcito/Desktop/rstm/rstm_build/CMakeFiles/CMakeTmp'

Source file was:

#include <omp.h>
int main() { 
#ifdef _OPENMP
  return 0; 
#else
  breaks_on_purpose
#endif
}

Determining if the include file sys/types.h exists passed with the following output:
Change Dir: /home/frantzcito/Desktop/rstm/rstm_build/CMakeFiles/CMakeTmp

Run Build Command:"/usr/bin/make" "cmTC_053e5/fast"
/usr/bin/make -f CMakeFiles/cmTC_053e5.dir/build.make CMakeFiles/cmTC_053e5.dir/build
make[1]: Entering directory '/home/frantzcito/Desktop/rstm/rstm_build/CMakeFiles/CMakeTmp'
Building C object CMakeFiles/cmTC_053e5.dir/CheckIncludeFile.c.o
/usr/bin/cc   -O2 -g -DNDEBUG   -o CMakeFiles/cmTC_053e5.dir/CheckIncludeFile.c.o   -c /home/frantzcito/Desktop/rstm/rstm_build/CMakeFiles/CMakeTmp/CheckIncludeFile.c
Linking C executable cmTC_053e5
/usr/bin/cmake -E cmake_link_script CMakeFiles/cmTC_053e5.dir/link.txt --verbose=1
/usr/bin/cc   -O2 -g -DNDEBUG    -rdynamic CMakeFiles/cmTC_053e5.dir/CheckIncludeFile.c.o  -o cmTC_053e5 
make[1]: Leaving directory '/home/frantzcito/Desktop/rstm/rstm_build/CMakeFiles/CMakeTmp'


Determining if the include file stdint.h exists passed with the following output:
Change Dir: /home/frantzcito/Desktop/rstm/rstm_build/CMakeFiles/CMakeTmp

Run Build Command:"/usr/bin/make" "cmTC_bc0d6/fast"
/usr/bin/make -f CMakeFiles/cmTC_bc0d6.dir/build.make CMakeFiles/cmTC_bc0d6.dir/build
make[1]: Entering directory '/home/frantzcito/Desktop/rstm/rstm_build/CMakeFiles/CMakeTmp'
Building C object CMakeFiles/cmTC_bc0d6.dir/CheckIncludeFile.c.o
/usr/bin/cc   -O2 -g -DNDEBUG   -o CMakeFiles/cmTC_bc0d6.dir/CheckIncludeFile.c.o   -c /home/frantzcito/Desktop/rstm/rstm_build/CMakeFiles/CMakeTmp/CheckIncludeFile.c
Linking C executable cmTC_bc0d6
/usr/bin/cmake -E cmake_link_script CMakeFiles/cmTC_bc0d6.dir/link.txt --verbose=1
/usr/bin/cc   -O2 -g -DNDEBUG    -rdynamic CMakeFiles/cmTC_bc0d6.dir/CheckIncludeFile.c.o  -o cmTC_bc0d6 
make[1]: Leaving directory '/home/frantzcito/Desktop/rstm/rstm_build/CMakeFiles/CMakeTmp'


Determining if the include file stddef.h exists passed with the following output:
Change Dir: /home/frantzcito/Desktop/rstm/rstm_build/CMakeFiles/CMakeTmp

Run Build Command:"/usr/bin/make" "cmTC_c7dda/fast"
/usr/bin/make -f CMakeFiles/cmTC_c7dda.dir/build.make CMakeFiles/cmTC_c7dda.dir/build
make[1]: Entering directory '/home/frantzcito/Desktop/rstm/rstm_build/CMakeFiles/CMakeTmp'
Building C object CMakeFiles/cmTC_c7dda.dir/CheckIncludeFile.c.o
/usr/bin/cc   -O2 -g -DNDEBUG   -o CMakeFiles/cmTC_c7dda.dir/CheckIncludeFile.c.o   -c /home/frantzcito/Desktop/rstm/rstm_build/CMakeFiles/CMakeTmp/CheckIncludeFile.c
Linking C executable cmTC_c7dda
/usr/bin/cmake -E cmake_link_script CMakeFiles/cmTC_c7dda.dir/link.txt --verbose=1
/usr/bin/cc   -O2 -g -DNDEBUG    -rdynamic CMakeFiles/cmTC_c7dda.dir/CheckIncludeFile.c.o  -o cmTC_c7dda 
make[1]: Leaving directory '/home/frantzcito/Desktop/rstm/rstm_build/CMakeFiles/CMakeTmp'


Determining size of unsigned short passed with the following output:
Change Dir: /home/frantzcito/Desktop/rstm/rstm_build/CMakeFiles/CMakeTmp

Run Build Command:"/usr/bin/make" "cmTC_11ad8/fast"
/usr/bin/make -f CMakeFiles/cmTC_11ad8.dir/build.make CMakeFiles/cmTC_11ad8.dir/build
make[1]: Entering directory '/home/frantzcito/Desktop/rstm/rstm_build/CMakeFiles/CMakeTmp'
Building C object CMakeFiles/cmTC_11ad8.dir/CMAKE_SIZEOF_UNSIGNED_SHORT.c.o
/usr/bin/cc   -O2 -g -DNDEBUG   -o CMakeFiles/cmTC_11ad8.dir/CMAKE_SIZEOF_UNSIGNED_SHORT.c.o   -c /home/frantzcito/Desktop/rstm/rstm_build/CMakeFiles/CheckTypeSize/CMAKE_SIZEOF_UNSIGNED_SHORT.c
Linking C executable cmTC_11ad8
/usr/bin/cmake -E cmake_link_script CMakeFiles/cmTC_11ad8.dir/link.txt --verbose=1
/usr/bin/cc   -O2 -g -DNDEBUG    -rdynamic CMakeFiles/cmTC_11ad8.dir/CMAKE_SIZEOF_UNSIGNED_SHORT.c.o  -o cmTC_11ad8 
make[1]: Leaving directory '/home/frantzcito/Desktop/rstm/rstm_build/CMakeFiles/CMakeTmp'


Determining if the system is big endian passed with the following output:
Change Dir: /home/frantzcito/Desktop/rstm/rstm_build/CMakeFiles/CMakeTmp

Run Build Command:"/usr/bin/make" "cmTC_51cc2/fast"
/usr/bin/make -f CMakeFiles/cmTC_51cc2.dir/build.make CMakeFiles/cmTC_51cc2.dir/build
make[1]: Entering directory '/home/frantzcito/Desktop/rstm/rstm_build/CMakeFiles/CMakeTmp'
Building C object CMakeFiles/cmTC_51cc2.dir/TestEndianess.c.o
/usr/bin/cc   -O2 -g -DNDEBUG   -o CMakeFiles/cmTC_51cc2.dir/TestEndianess.c.o   -c /home/frantzcito/Desktop/rstm/rstm_build/CMakeFiles/CMakeTmp/TestEndianess.c
Linking C executable cmTC_51cc2
/usr/bin/cmake -E cmake_link_script CMakeFiles/cmTC_51cc2.dir/link.txt --verbose=1
/usr/bin/cc   -O2 -g -DNDEBUG    -rdynamic CMakeFiles/cmTC_51cc2.dir/TestEndianess.c.o  -o cmTC_51cc2 
make[1]: Leaving directory '/home/frantzcito/Desktop/rstm/rstm_build/CMakeFiles/CMakeTmp'

TestEndianess.c:
/* A 16 bit integer is required. */
typedef unsigned short cmakeint16;

/* On a little endian machine, these 16bit ints will give "THIS IS LITTLE ENDIAN."
   On a big endian machine the characters will be exchanged pairwise. */
const cmakeint16 info_little[] =  {0x4854, 0x5349, 0x4920, 0x2053, 0x494c, 0x5454, 0x454c, 0x4520, 0x444e, 0x4149, 0x2e4e, 0x0000};

/* on a big endian machine, these 16bit ints will give "THIS IS BIG ENDIAN."
   On a little endian machine the characters will be exchanged pairwise. */
const cmakeint16 info_big[] =     {0x5448, 0x4953, 0x2049, 0x5320, 0x4249, 0x4720, 0x454e, 0x4449, 0x414e, 0x2e2e, 0x0000};

#ifdef __CLASSIC_C__
int main(argc, argv) int argc; char *argv[];
#else
int main(int argc, char *argv[])
#endif
{
  int require = 0;
  require += info_little[argc];
  require += info_big[argc];
  (void)argv;
  return require;
}


Performing C SOURCE FILE Test OpenMP_FLAG_DETECTED succeeded with the following output:
Change Dir: /home/frantzcito/Desktop/rstm/rstm_build/CMakeFiles/CMakeTmp

Run Build Command:"/usr/bin/make" "cmTC_10ac7/fast"
/usr/bin/make -f CMakeFiles/cmTC_10ac7.dir/build.make CMakeFiles/cmTC_10ac7.dir/build
make[1]: Entering directory '/home/frantzcito/Desktop/rstm/rstm_build/CMakeFiles/CMakeTmp'
Building C object CMakeFiles/cmTC_10ac7.dir/src.c.o
/usr/bin/cc   -DOpenMP_FLAG_DETECTED -fopenmp -O2 -g -DNDEBUG   -o CMakeFiles/cmTC_10ac7.dir/src.c.o   -c /home/frantzcito/Desktop/rstm/rstm_build/CMakeFiles/CMakeTmp/src.c
Linking C executable cmTC_10ac7
/usr/bin/cmake -E cmake_link_script CMakeFiles/cmTC_10ac7.dir/link.txt --verbose=1
/usr/bin/cc  -DOpenMP_FLAG_DETECTED -fopenmp -O2 -g -DNDEBUG    -rdynamic CMakeFiles/cmTC_10ac7.dir/src.c.o  -o cmTC_10ac7 
make[1]: Leaving directory '/home/frantzcito/Desktop/rstm/rstm_build/CMakeFiles/CMakeTmp'

Source file was:

#include <omp.h>
int main() { 
#ifdef _OPENMP
  return 0; 
#else
  breaks_on_purpose
#endif
}

Performing C++ SOURCE FILE Test OpenMP_FLAG_DETECTED succeeded with the following output:
Change Dir: /home/frantzcito/Desktop/rstm/rstm_build/CMakeFiles/CMakeTmp

Run Build Command:"/usr/bin/make" "cmTC_10881/fast"
/usr/bin/make -f CMakeFiles/cmTC_10881.dir/build.make CMakeFiles/cmTC_10881.dir/build
make[1]: Entering directory '/home/frantzcito/Desktop/rstm/rstm_build/CMakeFiles/CMakeTmp'
Building CXX object CMakeFiles/cmTC_10881.dir/src.cxx.o
/usr/bin/c++    -Wall -msse2 -mfpmath=sse -march=core2 -mtune=core2 -DOpenMP_FLAG_DETECTED -fopenmp  -O3 -g   -o CMakeFiles/cmTC_10881.dir/src.cxx.o -c /home/frantzcito/Desktop/rstm/rstm_build/CMakeFiles/CMakeTmp/src.cxx
Linking CXX executable cmTC_10881
/usr/bin/cmake -E cmake_link_script CMakeFiles/cmTC_10881.dir/link.txt --verbose=1
/usr/bin/c++   -Wall -msse2 -mfpmath=sse -march=core2 -mtune=core2 -DOpenMP_FLAG_DETECTED -fopenmp  -O3 -g    -rdynamic CMakeFiles/cmTC_10881.dir/src.cxx.o  -o cmTC_10881 
make[1]: Leaving directory '/home/frantzcito/Desktop/rstm/rstm_build/CMakeFiles/CMakeTmp'

Source file was:

#include <omp.h>
int main() { 
#ifdef _OPENMP
  return 0; 
#else
  breaks_on_purpose
#endif
}

Performing C SOURCE FILE Test OpenMP_FLAG_DETECTED succeeded with the following output:
Change Dir: /home/frantzcito/Desktop/rstm/rstm_build/CMakeFiles/CMakeTmp

Run Build Command:"/usr/bin/make" "cmTC_24414/fast"
make[1]: Entering directory '/home/frantzcito/Desktop/rstm/rstm_build/CMakeFiles/CMakeTmp'
/usr/bin/make -f CMakeFiles/cmTC_24414.dir/build.make CMakeFiles/cmTC_24414.dir/build
make[2]: Entering directory '/home/frantzcito/Desktop/rstm/rstm_build/CMakeFiles/CMakeTmp'
Building C object CMakeFiles/cmTC_24414.dir/src.c.o
/usr/bin/cc   -DOpenMP_FLAG_DETECTED -fopenmp -O2 -g -DNDEBUG   -o CMakeFiles/cmTC_24414.dir/src.c.o   -c /home/frantzcito/Desktop/rstm/rstm_build/CMakeFiles/CMakeTmp/src.c
Linking C executable cmTC_24414
/usr/bin/cmake -E cmake_link_script CMakeFiles/cmTC_24414.dir/link.txt --verbose=1
/usr/bin/cc  -DOpenMP_FLAG_DETECTED -fopenmp -O2 -g -DNDEBUG    -rdynamic CMakeFiles/cmTC_24414.dir/src.c.o  -o cmTC_24414 
make[2]: Leaving directory '/home/frantzcito/Desktop/rstm/rstm_build/CMakeFiles/CMakeTmp'
make[1]: Leaving directory '/home/frantzcito/Desktop/rstm/rstm_build/CMakeFiles/CMakeTmp'

Source file was:

#include <omp.h>
int main() { 
#ifdef _OPENMP
  return 0; 
#else
  breaks_on_purpose
#endif
}

Performing C++ SOURCE FILE Test OpenMP_FLAG_DETECTED succeeded with the following output:
Change Dir: /home/frantzcito/Desktop/rstm/rstm_build/CMakeFiles/CMakeTmp

Run Build Command:"/usr/bin/make" "cmTC_55aaa/fast"
make[1]: Entering directory '/home/frantzcito/Desktop/rstm/rstm_build/CMakeFiles/CMakeTmp'
/usr/bin/make -f CMakeFiles/cmTC_55aaa.dir/build.make CMakeFiles/cmTC_55aaa.dir/build
make[2]: Entering directory '/home/frantzcito/Desktop/rstm/rstm_build/CMakeFiles/CMakeTmp'
Building CXX object CMakeFiles/cmTC_55aaa.dir/src.cxx.o
/usr/bin/c++    -Wall -msse2 -mfpmath=sse -march=core2 -mtune=core2 -DOpenMP_FLAG_DETECTED -fopenmp  -O3 -g   -o CMakeFiles/cmTC_55aaa.dir/src.cxx.o -c /home/frantzcito/Desktop/rstm/rstm_build/CMakeFiles/CMakeTmp/src.cxx
Linking CXX executable cmTC_55aaa
/usr/bin/cmake -E cmake_link_script CMakeFiles/cmTC_55aaa.dir/link.txt --verbose=1
/usr/bin/c++   -Wall -msse2 -mfpmath=sse -march=core2 -mtune=core2 -DOpenMP_FLAG_DETECTED -fopenmp  -O3 -g    -rdynamic CMakeFiles/cmTC_55aaa.dir/src.cxx.o  -o cmTC_55aaa 
make[2]: Leaving directory '/home/frantzcito/Desktop/rstm/rstm_build/CMakeFiles/CMakeTmp'
make[1]: Leaving directory '/home/frantzcito/Desktop/rstm/rstm_build/CMakeFiles/CMakeTmp'

Source file was:

#include <omp.h>
int main() { 
#ifdef _OPENMP
  return 0; 
#else
  breaks_on_purpose
#endif
}

